# If this log is to be used for incremental obfuscation / patch generation, 
# add any '.class', '.method', '.field' and '.attribute' restrictions here:


#-DO-NOT-EDIT-BELOW-THIS-LINE------------------DO-NOT-EDIT-BELOW-THIS-LINE--
#
# RetroGuard v2.3.1, by Retrologic Systems - www.retrologic.com
#
# Logfile created on Thu Apr 07 06:50:33 EDT 2011
#
# Jar file to be obfuscated:           zombiecraft2.jar
# Target Jar file for obfuscated code: out.jar
# RetroGuard Script file used:         script.rgs
#
#
# Memory in use after class data structure built: 336264 bytes
# Total memory available                        : 16318464 bytes
#
#
# Obfuscated name overloading frequency:
#  'if'   	used 9 times	(52%)
#  'for'   	used 3 times	(17%)
#  'do'   	used 3 times	(17%)
#  'a'   	used 2 times	(11%)
#  Other names (each used in <1% of mappings) used a total of 0 times (3%)
#
#
# Names reserved from obfuscation:
#
.class zz
.class jn
.field jn/a Lnr;
.method jn/a (IIIILkv;)V
.method jn/c ()V
.method jn/a (IZ)V
.method jn/b ()I
.method jn/a (I)Z
.method jn/a ()I
.class GuiZombieWorldSlot
.class io
.field io/o J
.field io/n I
.field io/m F
.field io/l F
.field io/k F
.field io/j I
.field io/i I
.field io/h I
.field io/g I
.field io/f I
.field io/e I
.field io/d I
.field io/c I
.field io/b I
.field io/a Lnet/minecraft/client/Minecraft;
.method io/a (IIII)V
.method io/a (Ljava/util/List;II)V
.method io/a (Lhw;)V
.method io/a (IIIILkv;)V
.method io/a (IIF)V
.method io/d ()V
.method io/b ()I
.method io/a (I)Z
.method io/a (IZ)V
.method io/c ()V
.method io/a ()I
#
#
# Obfuscated name mappings (some of these may be unchanged due to polymorphism constraints):
#
.field_map zz/iterationCount a
.field_map zz/ecipher if
.field_map zz/salt do
.field_map zz/dcipher for
.method_map zz/decrypt (Ljava/lang/String;)Ljava/lang/String; a
.method_map zz/encrypt (Ljava/lang/String;)Ljava/lang/String; if
.field_map GuiZombieWorldSlot/k if
.field_map GuiZombieWorldSlot/selectWorldGui do
.field_map GuiZombieWorldSlot/BUFFER for
.method_map GuiZombieWorldSlot/createChecksum (Ljava/io/File;)[B if
.method_map GuiZombieWorldSlot/cleanUp (Ljava/io/OutputStream;)V if
.method_map GuiZombieWorldSlot/cleanUp (Ljava/io/InputStream;)V if
.method_map GuiZombieWorldSlot/deleteDirectory (Ljava/io/File;)Z do
.method_map GuiZombieWorldSlot/recursiveUnzip (Ljava/io/File;Ljava/io/File;)Ljava/io/File; if
.method_map GuiZombieWorldSlot/a (IIIILkv;)V a
.method_map GuiZombieWorldSlot/getMD5Checksum (Ljava/io/File;)Ljava/lang/String; for
.method_map GuiZombieWorldSlot/a (IZ)V a
.method_map GuiZombieWorldSlot/selectZombieWorld (Ljava/lang/String;)V if
.method_map GuiZombieWorldSlot/createFolder (Ljava/io/File;Z)V if
